0	10:08:47.856	Compiling 'MACD Sample'
0	10:08:47.882	Compiling 'Moving Average'
0	10:08:57.697	Compiling 'Accelerator'
0	10:08:57.712	Compiling 'Accumulation'
0	10:08:57.729	Compiling 'Alligator'
0	10:08:57.741	Compiling 'ATR'
0	10:08:57.754	Compiling 'Awesome'
0	10:08:57.774	Compiling 'Bands'
0	10:08:57.793	Compiling 'Bears'
0	10:08:57.827	Compiling 'Bulls'
0	10:08:57.842	Compiling 'CCI'
0	10:08:57.864	Compiling 'Custom Moving Averages'
0	10:08:57.887	Compiling 'Heiken Ashi'
0	10:08:57.903	Compiling 'Ichimoku'
0	10:08:57.920	Compiling 'iExposure'
0	10:08:57.937	Compiling 'MACD'
0	10:08:57.952	Compiling 'Momentum'
0	10:08:57.967	Compiling 'OsMA'
0	10:08:57.986	Compiling 'Parabolic'
0	10:08:58.001	Compiling 'RSI'
0	10:08:58.019	Compiling 'Stochastic'
0	10:08:58.034	Compiling 'ZigZag'
0	10:08:58.096	Compiling 'SimplePanel'
0	10:09:37.255	Compiling 'PeriodConverter'
0	10:09:37.334	Compiling 'DLLSampleTester'
0	10:09:37.398	Compiling 'PipeClient'
0	10:09:37.421	Compiling 'PipeClientPure'
0	10:09:49.977	Compiling 'stdlib'
